05-24 14:08:49 com_github_MitjaNemec_ReplicateLayout.action_replicate_layout 359:Plugin executed on: 'win32'
05-24 14:08:49 com_github_MitjaNemec_ReplicateLayout.action_replicate_layout 360:Plugin executed with python version: '3.9.14 (main, Dec 23 2022, 23:36:19) [MSC v.1934 64 bit (AMD64)]'
05-24 14:08:49 com_github_MitjaNemec_ReplicateLayout.action_replicate_layout 361:KiCad build version: (6.0.11)
05-24 14:08:49 com_github_MitjaNemec_ReplicateLayout.action_replicate_layout 362:Plugin version: 1.3.5
05-24 14:08:49 com_github_MitjaNemec_ReplicateLayout.action_replicate_layout 363:Frame repr: <wx._core.Frame object at 0x000001DE95904310>
05-24 14:08:49 com_github_MitjaNemec_ReplicateLayout.action_replicate_layout 387:Preparing replicator with J3 as a reference
05-24 14:08:49 com_github_MitjaNemec_ReplicateLayout.replicate_layout 113:getting a list of all footprints on board
05-24 14:08:49 com_github_MitjaNemec_ReplicateLayout.action_replicate_layout 435:source anchor footprint is 'J3'
Located on: ['RELAY_BLOCK_1']
With filenames: ['RELAY_BLOCK_V2.kicad_sch']
With sheet_id:['RELAY_BLOCK_1']
05-24 14:08:49 com_github_MitjaNemec_ReplicateLayout.action_replicate_layout 442:Corresponding footprints are 
[('J15', ['RELAY_BLOCK_7']), ('J13', ['RELAY_BLOCK_8']), ('J11', ['RELAY_BLOCK_5']), ('J9', ['RELAY_BLOCK_4']), ('J7', ['RELAY_BLOCK_3']), ('J5', ['RELAY_BLOCK_2']), ('J3', ['RELAY_BLOCK_1']), ('J17', ['RELAY_BLOCK_6'])]
05-24 14:08:49 com_github_MitjaNemec_ReplicateLayout.action_replicate_layout 454:Showing dialog
05-24 14:08:49 com_github_MitjaNemec_ReplicateLayout.replicate_layout 391:constructing a list of sheets suitable for replication on level:'RELAY_BLOCK_1', file:'RELAY_BLOCK_V2.kicad_sch'
05-24 14:08:49 com_github_MitjaNemec_ReplicateLayout.replicate_layout 428:suitable sheets are:[['RELAY_BLOCK_2'], ['RELAY_BLOCK_3'], ['RELAY_BLOCK_4'], ['RELAY_BLOCK_5'], ['RELAY_BLOCK_6'], ['RELAY_BLOCK_7'], ['RELAY_BLOCK_8']]
05-24 14:08:49 com_github_MitjaNemec_ReplicateLayout.replicate_layout 1356:Level selected: ['RELAY_BLOCK_1']
05-24 14:08:49 com_github_MitjaNemec_ReplicateLayout.replicate_layout 1191:Filtering list of tracks
05-24 14:08:50 com_github_MitjaNemec_ReplicateLayout.action_replicate_layout 460:Toolbar position: wx.Point(1145, 117)
05-24 14:08:50 com_github_MitjaNemec_ReplicateLayout.action_replicate_layout 465:Dialog position: wx.Point(781, 117)
05-24 14:08:56 com_github_MitjaNemec_ReplicateLayout.replicate_layout 391:constructing a list of sheets suitable for replication on level:'RELAY_BLOCK_1', file:'RELAY_BLOCK_V2.kicad_sch'
05-24 14:08:56 com_github_MitjaNemec_ReplicateLayout.replicate_layout 428:suitable sheets are:[['RELAY_BLOCK_2'], ['RELAY_BLOCK_3'], ['RELAY_BLOCK_4'], ['RELAY_BLOCK_5'], ['RELAY_BLOCK_6'], ['RELAY_BLOCK_7'], ['RELAY_BLOCK_8']]
05-24 14:08:56 com_github_MitjaNemec_ReplicateLayout.action_replicate_layout 207:Replicating layout
05-24 14:08:56 com_github_MitjaNemec_ReplicateLayout.replicate_layout 237:Starting replication of sheets: [['RELAY_BLOCK_2'], ['RELAY_BLOCK_3'], ['RELAY_BLOCK_4'], ['RELAY_BLOCK_5'], ['RELAY_BLOCK_6'], ['RELAY_BLOCK_7'], ['RELAY_BLOCK_8']]
on level: ['RELAY_BLOCK_1']
with tracks=True, zone=True, text=True, text=True, intersecting=False, remove=False, locked footprints=False, group_only=False
05-24 14:08:56 root 299:updating GUI message: 'Preparing for replication'
05-24 14:08:56 root 304:updating GUI with: 0
05-24 14:08:56 com_github_MitjaNemec_ReplicateLayout.replicate_layout 307:Getting the list of source footprints
05-24 14:08:56 com_github_MitjaNemec_ReplicateLayout.replicate_layout 317:Getting the list of all the remaining footprints
05-24 14:08:56 com_github_MitjaNemec_ReplicateLayout.replicate_layout 324:Getting source tracks
05-24 14:08:56 com_github_MitjaNemec_ReplicateLayout.replicate_layout 1191:Filtering list of tracks
05-24 14:08:56 com_github_MitjaNemec_ReplicateLayout.replicate_layout 328:Getting source zones
05-24 14:08:56 root 304:updating GUI with: 50
05-24 14:08:56 com_github_MitjaNemec_ReplicateLayout.replicate_layout 332:Getting source text items
05-24 14:08:56 com_github_MitjaNemec_ReplicateLayout.replicate_layout 336:Getting source drawing items
05-24 14:08:56 root 299:updating GUI message: 'Replicating footprints'
05-24 14:08:56 com_github_MitjaNemec_ReplicateLayout.replicate_layout 742:Replicating footprints
05-24 14:08:56 com_github_MitjaNemec_ReplicateLayout.replicate_layout 748:Replicating footprints on sheet ['RELAY_BLOCK_2']
05-24 14:08:56 root 304:updating GUI with: 7
05-24 14:08:56 com_github_MitjaNemec_ReplicateLayout.replicate_layout 748:Replicating footprints on sheet ['RELAY_BLOCK_3']
05-24 14:08:56 com_github_MitjaNemec_ReplicateLayout.replicate_layout 748:Replicating footprints on sheet ['RELAY_BLOCK_4']
05-24 14:08:56 root 304:updating GUI with: 34
05-24 14:08:56 com_github_MitjaNemec_ReplicateLayout.replicate_layout 748:Replicating footprints on sheet ['RELAY_BLOCK_5']
05-24 14:08:56 com_github_MitjaNemec_ReplicateLayout.replicate_layout 748:Replicating footprints on sheet ['RELAY_BLOCK_6']
05-24 14:08:56 root 304:updating GUI with: 61
05-24 14:08:56 com_github_MitjaNemec_ReplicateLayout.replicate_layout 748:Replicating footprints on sheet ['RELAY_BLOCK_7']
05-24 14:08:56 com_github_MitjaNemec_ReplicateLayout.replicate_layout 748:Replicating footprints on sheet ['RELAY_BLOCK_8']
05-24 14:08:56 root 304:updating GUI with: 90
05-24 14:08:56 root 299:updating GUI message: 'Replicating tracks'
05-24 14:08:56 com_github_MitjaNemec_ReplicateLayout.replicate_layout 907:Replicating tracks
05-24 14:08:56 com_github_MitjaNemec_ReplicateLayout.replicate_layout 913:Replicating tracks on sheet ['RELAY_BLOCK_2']
05-24 14:08:56 com_github_MitjaNemec_ReplicateLayout.replicate_layout 737:Net pairs for sheet ['RELAY_BLOCK_2'] :[('Net-(J3-Pad2)', 'Net-(J5-Pad2)'), ('Net-(F4-Pad2)', 'Net-(F5-Pad2)'), ('Net-(J3-Pad1)', 'Net-(J5-Pad1)'), ('', ''), ('Net-(R2-Pad2)', 'Net-(R5-Pad2)'), ('Net-(D1-Pad2)', 'Net-(D3-Pad2)'), ('Net-(F4-Pad1)', 'Net-(F5-Pad1)'), ('Net-(R1-Pad2)', 'Net-(R4-Pad2)'), ('GND', 'GND'), ('DC- _1', 'DC- _2'), ('/RELAY_POWER', '/RELAY_POWER'), ('DC+ _1', 'DC+ _2'), ('Net-(D1-Pad1)', 'Net-(D3-Pad1)'), ('Net-(R2-Pad1)', 'Net-(R5-Pad1)')]
05-24 14:08:56 com_github_MitjaNemec_ReplicateLayout.replicate_layout 913:Replicating tracks on sheet ['RELAY_BLOCK_3']
05-24 14:08:56 com_github_MitjaNemec_ReplicateLayout.replicate_layout 737:Net pairs for sheet ['RELAY_BLOCK_3'] :[('Net-(F4-Pad1)', 'Net-(F6-Pad1)'), ('Net-(J3-Pad2)', 'Net-(J7-Pad2)'), ('', ''), ('Net-(F4-Pad2)', 'Net-(F6-Pad2)'), ('/RELAY_POWER', '/RELAY_POWER'), ('Net-(R2-Pad2)', 'Net-(R8-Pad2)'), ('Net-(J3-Pad1)', 'Net-(J7-Pad1)'), ('GND', 'GND'), ('Net-(D1-Pad1)', 'Net-(D5-Pad1)'), ('Net-(R1-Pad2)', 'Net-(R7-Pad2)'), ('DC+ _1', 'DC+ _3'), ('DC- _1', 'DC- _3'), ('Net-(R2-Pad1)', 'Net-(R8-Pad1)'), ('Net-(D1-Pad2)', 'Net-(D5-Pad2)')]
05-24 14:08:56 root 304:updating GUI with: 14
05-24 14:08:56 com_github_MitjaNemec_ReplicateLayout.replicate_layout 913:Replicating tracks on sheet ['RELAY_BLOCK_4']
05-24 14:08:56 com_github_MitjaNemec_ReplicateLayout.replicate_layout 737:Net pairs for sheet ['RELAY_BLOCK_4'] :[('Net-(R2-Pad1)', 'Net-(R11-Pad1)'), ('DC+ _1', 'DC+ _4'), ('Net-(R2-Pad2)', 'Net-(R11-Pad2)'), ('DC- _1', 'DC- _4'), ('', ''), ('Net-(F4-Pad1)', 'Net-(F7-Pad1)'), ('Net-(F4-Pad2)', 'Net-(F7-Pad2)'), ('GND', 'GND'), ('Net-(D1-Pad1)', 'Net-(D7-Pad1)'), ('Net-(J3-Pad1)', 'Net-(J9-Pad1)'), ('/RELAY_POWER', '/RELAY_POWER'), ('Net-(R1-Pad2)', 'Net-(R10-Pad2)'), ('Net-(D1-Pad2)', 'Net-(D7-Pad2)'), ('Net-(J3-Pad2)', 'Net-(J9-Pad2)')]
05-24 14:08:56 root 304:updating GUI with: 41
05-24 14:08:56 com_github_MitjaNemec_ReplicateLayout.replicate_layout 913:Replicating tracks on sheet ['RELAY_BLOCK_5']
05-24 14:08:56 com_github_MitjaNemec_ReplicateLayout.replicate_layout 737:Net pairs for sheet ['RELAY_BLOCK_5'] :[('Net-(R2-Pad1)', 'Net-(R14-Pad1)'), ('Net-(F4-Pad1)', 'Net-(F8-Pad1)'), ('Net-(R1-Pad2)', 'Net-(R13-Pad2)'), ('DC+ _1', 'DC+ _5'), ('', ''), ('Net-(D1-Pad1)', 'Net-(D10-Pad2)'), ('Net-(F4-Pad2)', 'Net-(F8-Pad2)'), ('Net-(D1-Pad2)', 'Net-(D9-Pad2)'), ('GND', 'GND'), ('Net-(J3-Pad1)', 'Net-(J11-Pad1)'), ('Net-(R2-Pad2)', 'Net-(R14-Pad2)'), ('/RELAY_POWER', '/RELAY_POWER'), ('Net-(J3-Pad2)', 'Net-(J11-Pad2)'), ('DC- _1', 'DC- _5')]
05-24 14:08:56 com_github_MitjaNemec_ReplicateLayout.replicate_layout 913:Replicating tracks on sheet ['RELAY_BLOCK_6']
05-24 14:08:56 com_github_MitjaNemec_ReplicateLayout.replicate_layout 737:Net pairs for sheet ['RELAY_BLOCK_6'] :[('Net-(R1-Pad2)', 'Net-(R22-Pad2)'), ('Net-(J3-Pad1)', 'Net-(J17-Pad1)'), ('Net-(D1-Pad2)', 'Net-(D15-Pad2)'), ('', ''), ('Net-(R2-Pad2)', 'Net-(R23-Pad2)'), ('Net-(F4-Pad1)', 'Net-(F11-Pad1)'), ('Net-(F4-Pad2)', 'Net-(F11-Pad2)'), ('Net-(R2-Pad1)', 'Net-(R23-Pad1)'), ('DC+ _1', 'DC+ _6'), ('GND', 'GND'), ('DC- _1', 'DC- _6'), ('Net-(J3-Pad2)', 'Net-(J17-Pad2)'), ('/RELAY_POWER', '/RELAY_POWER'), ('Net-(D1-Pad1)', 'Net-(D15-Pad1)')]
05-24 14:08:56 root 304:updating GUI with: 65
05-24 14:08:56 com_github_MitjaNemec_ReplicateLayout.replicate_layout 913:Replicating tracks on sheet ['RELAY_BLOCK_7']
05-24 14:08:56 com_github_MitjaNemec_ReplicateLayout.replicate_layout 737:Net pairs for sheet ['RELAY_BLOCK_7'] :[('Net-(R2-Pad1)', 'Net-(R20-Pad1)'), ('Net-(J3-Pad1)', 'Net-(J15-Pad1)'), ('', ''), ('Net-(D1-Pad2)', 'Net-(D13-Pad2)'), ('Net-(R1-Pad2)', 'Net-(R19-Pad2)'), ('DC- _1', 'DC- _7'), ('GND', 'GND'), ('Net-(R2-Pad2)', 'Net-(R20-Pad2)'), ('Net-(F4-Pad1)', 'Net-(F10-Pad1)'), ('Net-(F4-Pad2)', 'Net-(F10-Pad2)'), ('/RELAY_POWER', '/RELAY_POWER'), ('Net-(J3-Pad2)', 'Net-(J15-Pad2)'), ('Net-(D1-Pad1)', 'Net-(D13-Pad1)'), ('DC+ _1', 'DC+ _7')]
05-24 14:08:56 com_github_MitjaNemec_ReplicateLayout.replicate_layout 913:Replicating tracks on sheet ['RELAY_BLOCK_8']
05-24 14:08:56 com_github_MitjaNemec_ReplicateLayout.replicate_layout 737:Net pairs for sheet ['RELAY_BLOCK_8'] :[('Net-(F4-Pad1)', 'Net-(F9-Pad1)'), ('Net-(D1-Pad2)', 'Net-(D11-Pad2)'), ('', ''), ('Net-(R2-Pad2)', 'Net-(R17-Pad2)'), ('Net-(F4-Pad2)', 'Net-(F9-Pad2)'), ('Net-(J3-Pad2)', 'Net-(J13-Pad2)'), ('Net-(D1-Pad1)', 'Net-(D11-Pad1)'), ('GND', 'GND'), ('Net-(J3-Pad1)', 'Net-(J13-Pad1)'), ('Net-(R1-Pad2)', 'Net-(R16-Pad2)'), ('/RELAY_POWER', '/RELAY_POWER'), ('DC+ _1', 'DC+ _8'), ('DC- _1', 'DC- _8'), ('Net-(R2-Pad1)', 'Net-(R17-Pad1)')]
05-24 14:08:56 root 299:updating GUI message: 'Replicating zones'
05-24 14:08:56 com_github_MitjaNemec_ReplicateLayout.replicate_layout 967:Replicating zones
05-24 14:08:56 root 304:updating GUI with: 0
05-24 14:08:56 com_github_MitjaNemec_ReplicateLayout.replicate_layout 974:Replicating zones on sheet ['RELAY_BLOCK_2']
05-24 14:08:56 com_github_MitjaNemec_ReplicateLayout.replicate_layout 737:Net pairs for sheet ['RELAY_BLOCK_2'] :[('Net-(J3-Pad2)', 'Net-(J5-Pad2)'), ('Net-(F4-Pad2)', 'Net-(F5-Pad2)'), ('Net-(J3-Pad1)', 'Net-(J5-Pad1)'), ('', ''), ('Net-(R2-Pad2)', 'Net-(R5-Pad2)'), ('Net-(D1-Pad2)', 'Net-(D3-Pad2)'), ('Net-(F4-Pad1)', 'Net-(F5-Pad1)'), ('Net-(R1-Pad2)', 'Net-(R4-Pad2)'), ('GND', 'GND'), ('DC- _1', 'DC- _2'), ('/RELAY_POWER', '/RELAY_POWER'), ('DC+ _1', 'DC+ _2'), ('Net-(D1-Pad1)', 'Net-(D3-Pad1)'), ('Net-(R2-Pad1)', 'Net-(R5-Pad1)')]
05-24 14:08:56 com_github_MitjaNemec_ReplicateLayout.replicate_layout 974:Replicating zones on sheet ['RELAY_BLOCK_3']
05-24 14:08:56 com_github_MitjaNemec_ReplicateLayout.replicate_layout 737:Net pairs for sheet ['RELAY_BLOCK_3'] :[('Net-(F4-Pad1)', 'Net-(F6-Pad1)'), ('Net-(J3-Pad2)', 'Net-(J7-Pad2)'), ('', ''), ('Net-(F4-Pad2)', 'Net-(F6-Pad2)'), ('/RELAY_POWER', '/RELAY_POWER'), ('Net-(R2-Pad2)', 'Net-(R8-Pad2)'), ('Net-(J3-Pad1)', 'Net-(J7-Pad1)'), ('GND', 'GND'), ('Net-(D1-Pad1)', 'Net-(D5-Pad1)'), ('Net-(R1-Pad2)', 'Net-(R7-Pad2)'), ('DC+ _1', 'DC+ _3'), ('DC- _1', 'DC- _3'), ('Net-(R2-Pad1)', 'Net-(R8-Pad1)'), ('Net-(D1-Pad2)', 'Net-(D5-Pad2)')]
05-24 14:08:56 com_github_MitjaNemec_ReplicateLayout.replicate_layout 974:Replicating zones on sheet ['RELAY_BLOCK_4']
05-24 14:08:56 com_github_MitjaNemec_ReplicateLayout.replicate_layout 737:Net pairs for sheet ['RELAY_BLOCK_4'] :[('Net-(R2-Pad1)', 'Net-(R11-Pad1)'), ('DC+ _1', 'DC+ _4'), ('Net-(R2-Pad2)', 'Net-(R11-Pad2)'), ('DC- _1', 'DC- _4'), ('', ''), ('Net-(F4-Pad1)', 'Net-(F7-Pad1)'), ('Net-(F4-Pad2)', 'Net-(F7-Pad2)'), ('GND', 'GND'), ('Net-(D1-Pad1)', 'Net-(D7-Pad1)'), ('Net-(J3-Pad1)', 'Net-(J9-Pad1)'), ('/RELAY_POWER', '/RELAY_POWER'), ('Net-(R1-Pad2)', 'Net-(R10-Pad2)'), ('Net-(D1-Pad2)', 'Net-(D7-Pad2)'), ('Net-(J3-Pad2)', 'Net-(J9-Pad2)')]
05-24 14:08:56 com_github_MitjaNemec_ReplicateLayout.replicate_layout 974:Replicating zones on sheet ['RELAY_BLOCK_5']
05-24 14:08:56 com_github_MitjaNemec_ReplicateLayout.replicate_layout 737:Net pairs for sheet ['RELAY_BLOCK_5'] :[('Net-(R2-Pad1)', 'Net-(R14-Pad1)'), ('Net-(F4-Pad1)', 'Net-(F8-Pad1)'), ('Net-(R1-Pad2)', 'Net-(R13-Pad2)'), ('DC+ _1', 'DC+ _5'), ('', ''), ('Net-(D1-Pad1)', 'Net-(D10-Pad2)'), ('Net-(F4-Pad2)', 'Net-(F8-Pad2)'), ('Net-(D1-Pad2)', 'Net-(D9-Pad2)'), ('GND', 'GND'), ('Net-(J3-Pad1)', 'Net-(J11-Pad1)'), ('Net-(R2-Pad2)', 'Net-(R14-Pad2)'), ('/RELAY_POWER', '/RELAY_POWER'), ('Net-(J3-Pad2)', 'Net-(J11-Pad2)'), ('DC- _1', 'DC- _5')]
05-24 14:08:56 com_github_MitjaNemec_ReplicateLayout.replicate_layout 974:Replicating zones on sheet ['RELAY_BLOCK_6']
05-24 14:08:56 com_github_MitjaNemec_ReplicateLayout.replicate_layout 737:Net pairs for sheet ['RELAY_BLOCK_6'] :[('Net-(R1-Pad2)', 'Net-(R22-Pad2)'), ('Net-(J3-Pad1)', 'Net-(J17-Pad1)'), ('Net-(D1-Pad2)', 'Net-(D15-Pad2)'), ('', ''), ('Net-(R2-Pad2)', 'Net-(R23-Pad2)'), ('Net-(F4-Pad1)', 'Net-(F11-Pad1)'), ('Net-(F4-Pad2)', 'Net-(F11-Pad2)'), ('Net-(R2-Pad1)', 'Net-(R23-Pad1)'), ('DC+ _1', 'DC+ _6'), ('GND', 'GND'), ('DC- _1', 'DC- _6'), ('Net-(J3-Pad2)', 'Net-(J17-Pad2)'), ('/RELAY_POWER', '/RELAY_POWER'), ('Net-(D1-Pad1)', 'Net-(D15-Pad1)')]
05-24 14:08:56 root 304:updating GUI with: 71
05-24 14:08:56 com_github_MitjaNemec_ReplicateLayout.replicate_layout 974:Replicating zones on sheet ['RELAY_BLOCK_7']
05-24 14:08:56 com_github_MitjaNemec_ReplicateLayout.replicate_layout 737:Net pairs for sheet ['RELAY_BLOCK_7'] :[('Net-(R2-Pad1)', 'Net-(R20-Pad1)'), ('Net-(J3-Pad1)', 'Net-(J15-Pad1)'), ('', ''), ('Net-(D1-Pad2)', 'Net-(D13-Pad2)'), ('Net-(R1-Pad2)', 'Net-(R19-Pad2)'), ('DC- _1', 'DC- _7'), ('GND', 'GND'), ('Net-(R2-Pad2)', 'Net-(R20-Pad2)'), ('Net-(F4-Pad1)', 'Net-(F10-Pad1)'), ('Net-(F4-Pad2)', 'Net-(F10-Pad2)'), ('/RELAY_POWER', '/RELAY_POWER'), ('Net-(J3-Pad2)', 'Net-(J15-Pad2)'), ('Net-(D1-Pad1)', 'Net-(D13-Pad1)'), ('DC+ _1', 'DC+ _7')]
05-24 14:08:56 com_github_MitjaNemec_ReplicateLayout.replicate_layout 974:Replicating zones on sheet ['RELAY_BLOCK_8']
05-24 14:08:56 com_github_MitjaNemec_ReplicateLayout.replicate_layout 737:Net pairs for sheet ['RELAY_BLOCK_8'] :[('Net-(F4-Pad1)', 'Net-(F9-Pad1)'), ('Net-(D1-Pad2)', 'Net-(D11-Pad2)'), ('', ''), ('Net-(R2-Pad2)', 'Net-(R17-Pad2)'), ('Net-(F4-Pad2)', 'Net-(F9-Pad2)'), ('Net-(J3-Pad2)', 'Net-(J13-Pad2)'), ('Net-(D1-Pad1)', 'Net-(D11-Pad1)'), ('GND', 'GND'), ('Net-(J3-Pad1)', 'Net-(J13-Pad1)'), ('Net-(R1-Pad2)', 'Net-(R16-Pad2)'), ('/RELAY_POWER', '/RELAY_POWER'), ('DC+ _1', 'DC+ _8'), ('DC- _1', 'DC- _8'), ('Net-(R2-Pad1)', 'Net-(R17-Pad1)')]
05-24 14:08:56 root 299:updating GUI message: 'Replicating text'
05-24 14:08:56 com_github_MitjaNemec_ReplicateLayout.replicate_layout 1047:Replicating text
05-24 14:08:56 com_github_MitjaNemec_ReplicateLayout.replicate_layout 1054:Replicating text on sheet ['RELAY_BLOCK_2']
05-24 14:08:56 com_github_MitjaNemec_ReplicateLayout.replicate_layout 1054:Replicating text on sheet ['RELAY_BLOCK_3']
05-24 14:08:56 com_github_MitjaNemec_ReplicateLayout.replicate_layout 1054:Replicating text on sheet ['RELAY_BLOCK_4']
05-24 14:08:56 com_github_MitjaNemec_ReplicateLayout.replicate_layout 1054:Replicating text on sheet ['RELAY_BLOCK_5']
05-24 14:08:56 com_github_MitjaNemec_ReplicateLayout.replicate_layout 1054:Replicating text on sheet ['RELAY_BLOCK_6']
05-24 14:08:56 com_github_MitjaNemec_ReplicateLayout.replicate_layout 1054:Replicating text on sheet ['RELAY_BLOCK_7']
05-24 14:08:56 com_github_MitjaNemec_ReplicateLayout.replicate_layout 1054:Replicating text on sheet ['RELAY_BLOCK_8']
05-24 14:08:56 root 299:updating GUI message: 'Replicating drawings'
05-24 14:08:56 com_github_MitjaNemec_ReplicateLayout.replicate_layout 1088:Replicating drawings
05-24 14:08:56 com_github_MitjaNemec_ReplicateLayout.replicate_layout 1094:Replicating drawings on sheet ['RELAY_BLOCK_2']
05-24 14:08:56 com_github_MitjaNemec_ReplicateLayout.replicate_layout 1094:Replicating drawings on sheet ['RELAY_BLOCK_3']
05-24 14:08:56 com_github_MitjaNemec_ReplicateLayout.replicate_layout 1094:Replicating drawings on sheet ['RELAY_BLOCK_4']
05-24 14:08:56 com_github_MitjaNemec_ReplicateLayout.replicate_layout 1094:Replicating drawings on sheet ['RELAY_BLOCK_5']
05-24 14:08:56 com_github_MitjaNemec_ReplicateLayout.replicate_layout 1094:Replicating drawings on sheet ['RELAY_BLOCK_6']
05-24 14:08:56 com_github_MitjaNemec_ReplicateLayout.replicate_layout 1094:Replicating drawings on sheet ['RELAY_BLOCK_7']
05-24 14:08:56 com_github_MitjaNemec_ReplicateLayout.replicate_layout 1094:Replicating drawings on sheet ['RELAY_BLOCK_8']
05-24 14:08:56 com_github_MitjaNemec_ReplicateLayout.action_replicate_layout 223:Replication complete
