05-23 13:11:42 com_github_MitjaNemec_ReplicateLayout.action_replicate_layout 359:Plugin executed on: 'win32'
05-23 13:11:42 com_github_MitjaNemec_ReplicateLayout.action_replicate_layout 360:Plugin executed with python version: '3.9.14 (main, Dec 23 2022, 23:36:19) [MSC v.1934 64 bit (AMD64)]'
05-23 13:11:42 com_github_MitjaNemec_ReplicateLayout.action_replicate_layout 361:KiCad build version: (6.0.11)
05-23 13:11:42 com_github_MitjaNemec_ReplicateLayout.action_replicate_layout 362:Plugin version: 1.3.5
05-23 13:11:42 com_github_MitjaNemec_ReplicateLayout.action_replicate_layout 363:Frame repr: <wx._core.Frame object at 0x00000289D0D178B0>
05-23 13:11:42 com_github_MitjaNemec_ReplicateLayout.action_replicate_layout 387:Preparing replicator with J15 as a reference
05-23 13:11:42 com_github_MitjaNemec_ReplicateLayout.replicate_layout 113:getting a list of all footprints on board
05-23 13:11:42 com_github_MitjaNemec_ReplicateLayout.action_replicate_layout 435:source anchor footprint is 'J15'
Located on: ['Relay_Block_1']
With filenames: ['Relay_Block.kicad_sch']
With sheet_id:['Relay_Block_1']
05-23 13:11:42 com_github_MitjaNemec_ReplicateLayout.action_replicate_layout 442:Corresponding footprints are 
[('J15', ['Relay_Block_1']), ('J36', ['Relay_Block_8']), ('J18', ['Relay_Block_2']), ('J24', ['Relay_Block_4']), ('J33', ['Relay_Block_7']), ('J27', ['Relay_Block_5']), ('J21', ['Relay_Block_3']), ('J30', ['Relay_Block_6'])]
05-23 13:11:42 com_github_MitjaNemec_ReplicateLayout.action_replicate_layout 454:Showing dialog
05-23 13:11:42 com_github_MitjaNemec_ReplicateLayout.replicate_layout 391:constructing a list of sheets suitable for replication on level:'Relay_Block_1', file:'Relay_Block.kicad_sch'
05-23 13:11:42 com_github_MitjaNemec_ReplicateLayout.replicate_layout 428:suitable sheets are:[['Relay_Block_2'], ['Relay_Block_3'], ['Relay_Block_4'], ['Relay_Block_5'], ['Relay_Block_6'], ['Relay_Block_7'], ['Relay_Block_8']]
05-23 13:11:42 com_github_MitjaNemec_ReplicateLayout.replicate_layout 1356:Level selected: ['Relay_Block_1']
05-23 13:11:42 com_github_MitjaNemec_ReplicateLayout.replicate_layout 1191:Filtering list of tracks
05-23 13:11:43 com_github_MitjaNemec_ReplicateLayout.action_replicate_layout 460:Toolbar position: wx.Point(1145, 117)
05-23 13:11:43 com_github_MitjaNemec_ReplicateLayout.action_replicate_layout 465:Dialog position: wx.Point(781, 117)
05-23 13:11:50 com_github_MitjaNemec_ReplicateLayout.replicate_layout 391:constructing a list of sheets suitable for replication on level:'Relay_Block_1', file:'Relay_Block.kicad_sch'
05-23 13:11:50 com_github_MitjaNemec_ReplicateLayout.replicate_layout 428:suitable sheets are:[['Relay_Block_2'], ['Relay_Block_3'], ['Relay_Block_4'], ['Relay_Block_5'], ['Relay_Block_6'], ['Relay_Block_7'], ['Relay_Block_8']]
05-23 13:11:50 com_github_MitjaNemec_ReplicateLayout.action_replicate_layout 207:Replicating layout
05-23 13:11:50 com_github_MitjaNemec_ReplicateLayout.replicate_layout 237:Starting replication of sheets: [['Relay_Block_2'], ['Relay_Block_3'], ['Relay_Block_4'], ['Relay_Block_5'], ['Relay_Block_6'], ['Relay_Block_7'], ['Relay_Block_8']]
on level: ['Relay_Block_1']
with tracks=True, zone=True, text=True, text=True, intersecting=False, remove=False, locked footprints=False, group_only=False
05-23 13:11:50 root 299:updating GUI message: 'Preparing for replication'
05-23 13:11:50 root 304:updating GUI with: 0
05-23 13:11:50 com_github_MitjaNemec_ReplicateLayout.replicate_layout 307:Getting the list of source footprints
05-23 13:11:50 com_github_MitjaNemec_ReplicateLayout.replicate_layout 317:Getting the list of all the remaining footprints
05-23 13:11:50 com_github_MitjaNemec_ReplicateLayout.replicate_layout 324:Getting source tracks
05-23 13:11:50 com_github_MitjaNemec_ReplicateLayout.replicate_layout 1191:Filtering list of tracks
05-23 13:11:50 com_github_MitjaNemec_ReplicateLayout.replicate_layout 328:Getting source zones
05-23 13:11:50 root 304:updating GUI with: 50
05-23 13:11:50 com_github_MitjaNemec_ReplicateLayout.replicate_layout 332:Getting source text items
05-23 13:11:50 com_github_MitjaNemec_ReplicateLayout.replicate_layout 336:Getting source drawing items
05-23 13:11:50 root 299:updating GUI message: 'Replicating footprints'
05-23 13:11:50 com_github_MitjaNemec_ReplicateLayout.replicate_layout 742:Replicating footprints
05-23 13:11:50 com_github_MitjaNemec_ReplicateLayout.replicate_layout 748:Replicating footprints on sheet ['Relay_Block_2']
05-23 13:11:50 root 304:updating GUI with: 4
05-23 13:11:50 com_github_MitjaNemec_ReplicateLayout.replicate_layout 748:Replicating footprints on sheet ['Relay_Block_3']
05-23 13:11:50 root 304:updating GUI with: 23
05-23 13:11:50 com_github_MitjaNemec_ReplicateLayout.replicate_layout 748:Replicating footprints on sheet ['Relay_Block_4']
05-23 13:11:50 com_github_MitjaNemec_ReplicateLayout.replicate_layout 748:Replicating footprints on sheet ['Relay_Block_5']
05-23 13:11:50 root 304:updating GUI with: 46
05-23 13:11:50 com_github_MitjaNemec_ReplicateLayout.replicate_layout 748:Replicating footprints on sheet ['Relay_Block_6']
05-23 13:11:50 root 304:updating GUI with: 70
05-23 13:11:50 com_github_MitjaNemec_ReplicateLayout.replicate_layout 748:Replicating footprints on sheet ['Relay_Block_7']
05-23 13:11:50 com_github_MitjaNemec_ReplicateLayout.replicate_layout 748:Replicating footprints on sheet ['Relay_Block_8']
05-23 13:11:50 root 304:updating GUI with: 98
05-23 13:11:50 root 299:updating GUI message: 'Replicating tracks'
05-23 13:11:50 com_github_MitjaNemec_ReplicateLayout.replicate_layout 907:Replicating tracks
05-23 13:11:50 com_github_MitjaNemec_ReplicateLayout.replicate_layout 913:Replicating tracks on sheet ['Relay_Block_2']
05-23 13:11:50 com_github_MitjaNemec_ReplicateLayout.replicate_layout 737:Net pairs for sheet ['Relay_Block_2'] :[('Net-(D1-Pad1)', 'Net-(D3-Pad1)'), ('Net-(R3-Pad2)', 'Net-(R6-Pad2)'), ('R1_DC-', 'R2_DC-'), ('Net-(Q1-Pad2)', 'Net-(Q2-Pad2)'), ('/Relay_Block_1/JD_VCC', '/Relay_Block_2/JD_VCC'), ('Net-(D1-Pad2)', 'Net-(D3-Pad2)'), ('', ''), ('Net-(J15-Pad2)', 'Net-(J18-Pad2)'), ('GND', 'GND'), ('Net-(F4-Pad2)', 'Net-(F5-Pad2)'), ('Net-(J15-Pad3)', 'Net-(J18-Pad3)'), ('Net-(R4-Pad1)', 'Net-(R7-Pad1)'), ('R1_DC+', 'R2_DC+'), ('Net-(F4-Pad1)', 'Net-(F5-Pad1)')]
05-23 13:11:50 com_github_MitjaNemec_ReplicateLayout.replicate_layout 913:Replicating tracks on sheet ['Relay_Block_3']
05-23 13:11:50 com_github_MitjaNemec_ReplicateLayout.replicate_layout 737:Net pairs for sheet ['Relay_Block_3'] :[('Net-(Q1-Pad2)', 'Net-(Q3-Pad2)'), ('R1_DC-', 'R3_DC-'), ('Net-(R3-Pad2)', 'Net-(R9-Pad2)'), ('Net-(J15-Pad2)', 'Net-(J21-Pad2)'), ('R1_DC+', 'R3_DC+'), ('Net-(J15-Pad3)', 'Net-(J21-Pad3)'), ('', ''), ('Net-(D1-Pad1)', 'Net-(D5-Pad1)'), ('Net-(D1-Pad2)', 'Net-(D5-Pad2)'), ('Net-(F4-Pad2)', 'Net-(F6-Pad2)'), ('Net-(R4-Pad1)', 'Net-(R10-Pad1)'), ('GND', 'GND'), ('/Relay_Block_1/JD_VCC', '/Relay_Block_3/JD_VCC'), ('Net-(F4-Pad1)', 'Net-(F6-Pad1)')]
05-23 13:11:50 root 304:updating GUI with: 28
05-23 13:11:50 com_github_MitjaNemec_ReplicateLayout.replicate_layout 913:Replicating tracks on sheet ['Relay_Block_4']
05-23 13:11:50 com_github_MitjaNemec_ReplicateLayout.replicate_layout 737:Net pairs for sheet ['Relay_Block_4'] :[('Net-(F4-Pad1)', 'Net-(F7-Pad1)'), ('R1_DC+', 'R4_DC+'), ('R1_DC-', 'R4_DC-'), ('/Relay_Block_1/JD_VCC', '/Relay_Block_4/JD_VCC'), ('', ''), ('Net-(R3-Pad2)', 'Net-(R12-Pad2)'), ('Net-(J15-Pad2)', 'Net-(J24-Pad2)'), ('Net-(R4-Pad1)', 'Net-(R13-Pad1)'), ('GND', 'GND'), ('Net-(D1-Pad2)', 'Net-(D7-Pad2)'), ('Net-(Q1-Pad2)', 'Net-(Q4-Pad2)'), ('Net-(D1-Pad1)', 'Net-(D7-Pad1)'), ('Net-(J15-Pad3)', 'Net-(J24-Pad3)'), ('Net-(F4-Pad2)', 'Net-(F7-Pad2)')]
05-23 13:11:50 com_github_MitjaNemec_ReplicateLayout.replicate_layout 913:Replicating tracks on sheet ['Relay_Block_5']
05-23 13:11:50 com_github_MitjaNemec_ReplicateLayout.replicate_layout 737:Net pairs for sheet ['Relay_Block_5'] :[('', ''), ('Net-(F4-Pad1)', 'Net-(F8-Pad1)'), ('Net-(Q1-Pad2)', 'Net-(Q5-Pad2)'), ('Net-(J15-Pad3)', 'Net-(J27-Pad3)'), ('Net-(R4-Pad1)', 'Net-(R16-Pad1)'), ('/Relay_Block_1/JD_VCC', '/Relay_Block_5/JD_VCC'), ('GND', 'GND'), ('Net-(D1-Pad2)', 'Net-(D9-Pad2)'), ('Net-(R3-Pad2)', 'Net-(R15-Pad2)'), ('R1_DC+', 'R5_DC+'), ('R1_DC-', 'R5_DC-'), ('Net-(J15-Pad2)', 'Net-(J27-Pad2)'), ('Net-(D1-Pad1)', 'Net-(D10-Pad2)'), ('Net-(F4-Pad2)', 'Net-(F8-Pad2)')]
05-23 13:11:50 com_github_MitjaNemec_ReplicateLayout.replicate_layout 913:Replicating tracks on sheet ['Relay_Block_6']
05-23 13:11:50 com_github_MitjaNemec_ReplicateLayout.replicate_layout 737:Net pairs for sheet ['Relay_Block_6'] :[('R1_DC+', 'R6_DC+'), ('Net-(D1-Pad1)', 'Net-(D11-Pad1)'), ('Net-(R3-Pad2)', 'Net-(R18-Pad2)'), ('Net-(Q1-Pad2)', 'Net-(Q6-Pad2)'), ('Net-(F4-Pad2)', 'Net-(F9-Pad2)'), ('', ''), ('/Relay_Block_1/JD_VCC', '/Relay_Block_6/JD_VCC'), ('Net-(J15-Pad2)', 'Net-(J30-Pad2)'), ('Net-(F4-Pad1)', 'Net-(F9-Pad1)'), ('R1_DC-', 'R6_DC-'), ('GND', 'GND'), ('Net-(D1-Pad2)', 'Net-(D11-Pad2)'), ('Net-(J15-Pad3)', 'Net-(J30-Pad3)'), ('Net-(R4-Pad1)', 'Net-(R19-Pad1)')]
05-23 13:11:50 com_github_MitjaNemec_ReplicateLayout.replicate_layout 913:Replicating tracks on sheet ['Relay_Block_7']
05-23 13:11:50 com_github_MitjaNemec_ReplicateLayout.replicate_layout 737:Net pairs for sheet ['Relay_Block_7'] :[('R1_DC-', 'R7_DC-'), ('', ''), ('Net-(R3-Pad2)', 'Net-(R21-Pad2)'), ('Net-(R4-Pad1)', 'Net-(R22-Pad1)'), ('Net-(J15-Pad3)', 'Net-(J33-Pad3)'), ('Net-(J15-Pad2)', 'Net-(J33-Pad2)'), ('Net-(Q1-Pad2)', 'Net-(Q7-Pad2)'), ('Net-(D1-Pad1)', 'Net-(D13-Pad1)'), ('Net-(F4-Pad1)', 'Net-(F10-Pad1)'), ('R1_DC+', 'R7_DC+'), ('GND', 'GND'), ('Net-(F4-Pad2)', 'Net-(F10-Pad2)'), ('/Relay_Block_1/JD_VCC', '/Relay_Block_7/JD_VCC'), ('Net-(D1-Pad2)', 'Net-(D13-Pad2)')]
05-23 13:11:50 root 304:updating GUI with: 72
05-23 13:11:50 com_github_MitjaNemec_ReplicateLayout.replicate_layout 913:Replicating tracks on sheet ['Relay_Block_8']
05-23 13:11:50 com_github_MitjaNemec_ReplicateLayout.replicate_layout 737:Net pairs for sheet ['Relay_Block_8'] :[('/Relay_Block_1/JD_VCC', '/Relay_Block_8/JD_VCC'), ('Net-(J15-Pad3)', 'Net-(J36-Pad3)'), ('Net-(F4-Pad2)', 'Net-(F11-Pad2)'), ('Net-(D1-Pad1)', 'Net-(D15-Pad1)'), ('Net-(Q1-Pad2)', 'Net-(Q8-Pad2)'), ('', ''), ('Net-(D1-Pad2)', 'Net-(D15-Pad2)'), ('Net-(R4-Pad1)', 'Net-(R25-Pad1)'), ('R1_DC-', 'R8_DC-'), ('GND', 'GND'), ('Net-(J15-Pad2)', 'Net-(J36-Pad2)'), ('Net-(R3-Pad2)', 'Net-(R24-Pad2)'), ('Net-(F4-Pad1)', 'Net-(F11-Pad1)'), ('R1_DC+', 'R8_DC+')]
05-23 13:11:50 root 299:updating GUI message: 'Replicating zones'
05-23 13:11:50 com_github_MitjaNemec_ReplicateLayout.replicate_layout 967:Replicating zones
05-23 13:11:50 com_github_MitjaNemec_ReplicateLayout.replicate_layout 974:Replicating zones on sheet ['Relay_Block_2']
05-23 13:11:50 com_github_MitjaNemec_ReplicateLayout.replicate_layout 737:Net pairs for sheet ['Relay_Block_2'] :[('Net-(D1-Pad1)', 'Net-(D3-Pad1)'), ('Net-(R3-Pad2)', 'Net-(R6-Pad2)'), ('R1_DC-', 'R2_DC-'), ('Net-(Q1-Pad2)', 'Net-(Q2-Pad2)'), ('/Relay_Block_1/JD_VCC', '/Relay_Block_2/JD_VCC'), ('Net-(D1-Pad2)', 'Net-(D3-Pad2)'), ('', ''), ('Net-(J15-Pad2)', 'Net-(J18-Pad2)'), ('GND', 'GND'), ('Net-(F4-Pad2)', 'Net-(F5-Pad2)'), ('Net-(J15-Pad3)', 'Net-(J18-Pad3)'), ('Net-(R4-Pad1)', 'Net-(R7-Pad1)'), ('R1_DC+', 'R2_DC+'), ('Net-(F4-Pad1)', 'Net-(F5-Pad1)')]
05-23 13:11:50 com_github_MitjaNemec_ReplicateLayout.replicate_layout 974:Replicating zones on sheet ['Relay_Block_3']
05-23 13:11:50 com_github_MitjaNemec_ReplicateLayout.replicate_layout 737:Net pairs for sheet ['Relay_Block_3'] :[('Net-(Q1-Pad2)', 'Net-(Q3-Pad2)'), ('R1_DC-', 'R3_DC-'), ('Net-(R3-Pad2)', 'Net-(R9-Pad2)'), ('Net-(J15-Pad2)', 'Net-(J21-Pad2)'), ('R1_DC+', 'R3_DC+'), ('Net-(J15-Pad3)', 'Net-(J21-Pad3)'), ('', ''), ('Net-(D1-Pad1)', 'Net-(D5-Pad1)'), ('Net-(D1-Pad2)', 'Net-(D5-Pad2)'), ('Net-(F4-Pad2)', 'Net-(F6-Pad2)'), ('Net-(R4-Pad1)', 'Net-(R10-Pad1)'), ('GND', 'GND'), ('/Relay_Block_1/JD_VCC', '/Relay_Block_3/JD_VCC'), ('Net-(F4-Pad1)', 'Net-(F6-Pad1)')]
05-23 13:11:50 com_github_MitjaNemec_ReplicateLayout.replicate_layout 974:Replicating zones on sheet ['Relay_Block_4']
05-23 13:11:50 com_github_MitjaNemec_ReplicateLayout.replicate_layout 737:Net pairs for sheet ['Relay_Block_4'] :[('Net-(F4-Pad1)', 'Net-(F7-Pad1)'), ('R1_DC+', 'R4_DC+'), ('R1_DC-', 'R4_DC-'), ('/Relay_Block_1/JD_VCC', '/Relay_Block_4/JD_VCC'), ('', ''), ('Net-(R3-Pad2)', 'Net-(R12-Pad2)'), ('Net-(J15-Pad2)', 'Net-(J24-Pad2)'), ('Net-(R4-Pad1)', 'Net-(R13-Pad1)'), ('GND', 'GND'), ('Net-(D1-Pad2)', 'Net-(D7-Pad2)'), ('Net-(Q1-Pad2)', 'Net-(Q4-Pad2)'), ('Net-(D1-Pad1)', 'Net-(D7-Pad1)'), ('Net-(J15-Pad3)', 'Net-(J24-Pad3)'), ('Net-(F4-Pad2)', 'Net-(F7-Pad2)')]
05-23 13:11:50 com_github_MitjaNemec_ReplicateLayout.replicate_layout 974:Replicating zones on sheet ['Relay_Block_5']
05-23 13:11:50 com_github_MitjaNemec_ReplicateLayout.replicate_layout 737:Net pairs for sheet ['Relay_Block_5'] :[('', ''), ('Net-(F4-Pad1)', 'Net-(F8-Pad1)'), ('Net-(Q1-Pad2)', 'Net-(Q5-Pad2)'), ('Net-(J15-Pad3)', 'Net-(J27-Pad3)'), ('Net-(R4-Pad1)', 'Net-(R16-Pad1)'), ('/Relay_Block_1/JD_VCC', '/Relay_Block_5/JD_VCC'), ('GND', 'GND'), ('Net-(D1-Pad2)', 'Net-(D9-Pad2)'), ('Net-(R3-Pad2)', 'Net-(R15-Pad2)'), ('R1_DC+', 'R5_DC+'), ('R1_DC-', 'R5_DC-'), ('Net-(J15-Pad2)', 'Net-(J27-Pad2)'), ('Net-(D1-Pad1)', 'Net-(D10-Pad2)'), ('Net-(F4-Pad2)', 'Net-(F8-Pad2)')]
05-23 13:11:50 com_github_MitjaNemec_ReplicateLayout.replicate_layout 974:Replicating zones on sheet ['Relay_Block_6']
05-23 13:11:50 com_github_MitjaNemec_ReplicateLayout.replicate_layout 737:Net pairs for sheet ['Relay_Block_6'] :[('R1_DC+', 'R6_DC+'), ('Net-(D1-Pad1)', 'Net-(D11-Pad1)'), ('Net-(R3-Pad2)', 'Net-(R18-Pad2)'), ('Net-(Q1-Pad2)', 'Net-(Q6-Pad2)'), ('Net-(F4-Pad2)', 'Net-(F9-Pad2)'), ('', ''), ('/Relay_Block_1/JD_VCC', '/Relay_Block_6/JD_VCC'), ('Net-(J15-Pad2)', 'Net-(J30-Pad2)'), ('Net-(F4-Pad1)', 'Net-(F9-Pad1)'), ('R1_DC-', 'R6_DC-'), ('GND', 'GND'), ('Net-(D1-Pad2)', 'Net-(D11-Pad2)'), ('Net-(J15-Pad3)', 'Net-(J30-Pad3)'), ('Net-(R4-Pad1)', 'Net-(R19-Pad1)')]
05-23 13:11:50 root 304:updating GUI with: 71
05-23 13:11:50 com_github_MitjaNemec_ReplicateLayout.replicate_layout 974:Replicating zones on sheet ['Relay_Block_7']
05-23 13:11:50 com_github_MitjaNemec_ReplicateLayout.replicate_layout 737:Net pairs for sheet ['Relay_Block_7'] :[('R1_DC-', 'R7_DC-'), ('', ''), ('Net-(R3-Pad2)', 'Net-(R21-Pad2)'), ('Net-(R4-Pad1)', 'Net-(R22-Pad1)'), ('Net-(J15-Pad3)', 'Net-(J33-Pad3)'), ('Net-(J15-Pad2)', 'Net-(J33-Pad2)'), ('Net-(Q1-Pad2)', 'Net-(Q7-Pad2)'), ('Net-(D1-Pad1)', 'Net-(D13-Pad1)'), ('Net-(F4-Pad1)', 'Net-(F10-Pad1)'), ('R1_DC+', 'R7_DC+'), ('GND', 'GND'), ('Net-(F4-Pad2)', 'Net-(F10-Pad2)'), ('/Relay_Block_1/JD_VCC', '/Relay_Block_7/JD_VCC'), ('Net-(D1-Pad2)', 'Net-(D13-Pad2)')]
05-23 13:11:50 com_github_MitjaNemec_ReplicateLayout.replicate_layout 974:Replicating zones on sheet ['Relay_Block_8']
05-23 13:11:50 com_github_MitjaNemec_ReplicateLayout.replicate_layout 737:Net pairs for sheet ['Relay_Block_8'] :[('/Relay_Block_1/JD_VCC', '/Relay_Block_8/JD_VCC'), ('Net-(J15-Pad3)', 'Net-(J36-Pad3)'), ('Net-(F4-Pad2)', 'Net-(F11-Pad2)'), ('Net-(D1-Pad1)', 'Net-(D15-Pad1)'), ('Net-(Q1-Pad2)', 'Net-(Q8-Pad2)'), ('', ''), ('Net-(D1-Pad2)', 'Net-(D15-Pad2)'), ('Net-(R4-Pad1)', 'Net-(R25-Pad1)'), ('R1_DC-', 'R8_DC-'), ('GND', 'GND'), ('Net-(J15-Pad2)', 'Net-(J36-Pad2)'), ('Net-(R3-Pad2)', 'Net-(R24-Pad2)'), ('Net-(F4-Pad1)', 'Net-(F11-Pad1)'), ('R1_DC+', 'R8_DC+')]
05-23 13:11:50 root 299:updating GUI message: 'Replicating text'
05-23 13:11:50 com_github_MitjaNemec_ReplicateLayout.replicate_layout 1047:Replicating text
05-23 13:11:50 com_github_MitjaNemec_ReplicateLayout.replicate_layout 1054:Replicating text on sheet ['Relay_Block_2']
05-23 13:11:50 com_github_MitjaNemec_ReplicateLayout.replicate_layout 1054:Replicating text on sheet ['Relay_Block_3']
05-23 13:11:50 com_github_MitjaNemec_ReplicateLayout.replicate_layout 1054:Replicating text on sheet ['Relay_Block_4']
05-23 13:11:50 com_github_MitjaNemec_ReplicateLayout.replicate_layout 1054:Replicating text on sheet ['Relay_Block_5']
05-23 13:11:50 com_github_MitjaNemec_ReplicateLayout.replicate_layout 1054:Replicating text on sheet ['Relay_Block_6']
05-23 13:11:50 com_github_MitjaNemec_ReplicateLayout.replicate_layout 1054:Replicating text on sheet ['Relay_Block_7']
05-23 13:11:50 com_github_MitjaNemec_ReplicateLayout.replicate_layout 1054:Replicating text on sheet ['Relay_Block_8']
05-23 13:11:50 root 299:updating GUI message: 'Replicating drawings'
05-23 13:11:50 com_github_MitjaNemec_ReplicateLayout.replicate_layout 1088:Replicating drawings
05-23 13:11:50 com_github_MitjaNemec_ReplicateLayout.replicate_layout 1094:Replicating drawings on sheet ['Relay_Block_2']
05-23 13:11:50 com_github_MitjaNemec_ReplicateLayout.replicate_layout 1094:Replicating drawings on sheet ['Relay_Block_3']
05-23 13:11:50 com_github_MitjaNemec_ReplicateLayout.replicate_layout 1094:Replicating drawings on sheet ['Relay_Block_4']
05-23 13:11:50 com_github_MitjaNemec_ReplicateLayout.replicate_layout 1094:Replicating drawings on sheet ['Relay_Block_5']
05-23 13:11:50 com_github_MitjaNemec_ReplicateLayout.replicate_layout 1094:Replicating drawings on sheet ['Relay_Block_6']
05-23 13:11:50 com_github_MitjaNemec_ReplicateLayout.replicate_layout 1094:Replicating drawings on sheet ['Relay_Block_7']
05-23 13:11:50 com_github_MitjaNemec_ReplicateLayout.replicate_layout 1094:Replicating drawings on sheet ['Relay_Block_8']
05-23 13:11:50 com_github_MitjaNemec_ReplicateLayout.action_replicate_layout 223:Replication complete
